<?xml version="1.0" encoding="UTF-8"?>
<!-- Generated by org.testng.reporters.JUnitXMLReporter -->
<testsuite ignored="0" hostname="DESKTOP-S69R6H9" failures="0" tests="3" name="edge test" time="0.124" errors="0" timestamp="2022-09-28T23:21:24 AST">
  <testcase classname="com.testing.trello.task.TestTrello" name="@BeforeTest beforeTest" time="0.07">
    <failure type="java.lang.IllegalStateException" message="The path to the driver executable The path to the driver executable must be set by the webdriver.edge.driver system property; for more information, see https://docs.microsoft.com/en-us/microsoft-edge/webdriver-chromium/. The latest version can be downloaded from https://developer.microsoft.com/en-us/microsoft-edge/tools/webdriver/">
      <![CDATA[java.lang.IllegalStateException: The path to the driver executable The path to the driver executable must be set by the webdriver.edge.driver system property; for more information, see https://docs.microsoft.com/en-us/microsoft-edge/webdriver-chromium/. The latest version can be downloaded from https://developer.microsoft.com/en-us/microsoft-edge/tools/webdriver/
at org.openqa.selenium.internal.Require$StateChecker.nonNull(Require.java:311)
at org.openqa.selenium.remote.service.DriverService.findExecutable(DriverService.java:135)
at org.openqa.selenium.edge.EdgeDriverService.access$000(EdgeDriverService.java:40)
at org.openqa.selenium.edge.EdgeDriverService$Builder.findDefaultExecutable(EdgeDriverService.java:176)
at org.openqa.selenium.remote.service.DriverService$Builder.build(DriverService.java:437)
at org.openqa.selenium.edge.EdgeDriver.<init>(EdgeDriver.java:46)
at org.openqa.selenium.edge.EdgeDriver.<init>(EdgeDriver.java:42)
at com.testing.trello.task.TestTrello.beforeTest(TestTrello.java:59)
... Removed 22 stack frames]]>
    </failure>
  </testcase> <!-- @BeforeTest beforeTest -->
  <testcase classname="com.testing.trello.task.TestTrello" name="addNewBoard" time="0.0">
    <skipped/>
  </testcase> <!-- addNewBoard -->
  <testcase classname="com.testing.trello.task.TestTrello" name="addNewCard" time="0.0">
    <skipped/>
  </testcase> <!-- addNewCard -->
  <testcase classname="com.testing.trello.task.TestTrello" name="addAnotherCardDeleteAndDeleteBoard" time="0.001">
    <skipped/>
  </testcase> <!-- addAnotherCardDeleteAndDeleteBoard -->
</testsuite> <!-- edge test -->
