<?xml version="1.0" encoding="UTF-8"?>
<!-- Generated by org.testng.reporters.JUnitXMLReporter -->
<testsuite ignored="0" hostname="DESKTOP-S69R6H9" failures="0" tests="3" name="Firefox test" time="467.43" errors="0" timestamp="2022-09-29T00:53:36 AST">
  <testcase classname="com.testing.trello.task.TestTrello" name="addNewBoard" time="41.405"/>
  <testcase classname="com.testing.trello.task.TestTrello" name="addNewCard" time="169.404"/>
  <testcase classname="com.testing.trello.task.TestTrello" name="addAnotherCardDeleteAndDeleteBoard" time="202.93"/>
</testsuite> <!-- Firefox test -->
